<?xml version = "1.0" encoding = "UTF-8"?>
<aiml>

    <category>
        <pattern>ใครนั้น</pattern>
        <template><bot name='name'/></template>
    </category>

     <category>
        <pattern>ดีจ้า</pattern>
        <template>สวัสดีเจ้า </template>
    </category>

    <category>
        <pattern>ไปครับ</pattern>
        <template>ไปไหนเหรอคะ ไปด้วยจิ </template>
    </category>

     <category>
        <pattern>ไป</pattern>
        <template>ป่ะ ไปไหนดีคะ </template>
    </category>


     <category>
        <pattern>PIYARAT</pattern>
        <template>พี่ปูนคะ ทีมงานเรียกค่ะ </template>
    </category>
    <category><pattern>*@PIYARAT*</pattern><template><srai>PIYARAT</srai></template></category>
    <category><pattern>*@PIYARAT</pattern><template><srai>PIYARAT</srai></template></category> 
    <category><pattern>*@PIYARAT*</pattern><template><srai>PIYARAT</srai></template></category>




   <category>
        <pattern>ไป ไป ไป</pattern>
            <template>
                <random>
                    <li>ไปไหนกันเหรอออออ รอเค้าด้วยนะ</li>
                    <li>ไปอีกแระ</li>
                    <li>เหนื่อยอ่ะ เค้าไม่ไปด้วยแล้วนะ</li>
                </random>
            </template>
    </category> 

    <category>
        <pattern>VB</pattern>
            <template>
                <random>
                    <li>vba</li>
                    <li>vbb</li>
                    <li>vbc</li>
                </random>
            </template>
        </category>
    
    <category>
        <pattern>อิ</pattern>
            <template>
                <random>
                    <li>อย่าดุเค้าน๊าาาาา</li>
                    <li>ก๊ะวืบ ก๊ะวืบ</li>
                    <li>เย อี เย อิ เย เหมือนว่าฉันนั้นเคว้งคว้างลอยไปกับเสียงเพลง ยังคงบรรเลง ไม่มีวันเลือนลาง</li>
                </random>
            </template>
        </category>
        <category><pattern>อิ*</pattern><template><srai>อิ</srai></template></category>
        <category><pattern>*อิ</pattern><template><srai>อิ</srai></template></category> 
        <category><pattern>*อิ*</pattern><template><srai>อิ</srai></template></category>



    <category>
        <pattern>ฟังเพลง</pattern>
            <template>
                <random>
                    <li>ฟังเพลง Anata ga Ite Kureta Kara มั้ยคะ</li>
                    <li>ฟังเพลง Chain of love มั้ยคะ</li>
                    <li>ฟังเพลง มะลิ มั้ยคะ</li>
                </random>
            </template>
        </category>
    <category><pattern>ฟังเพลง*</pattern><template><srai>ฟังเพลง</srai></template></category>
    <category><pattern>*ฟังเพลง</pattern><template><srai>ฟังเพลง</srai></template></category> 
    <category><pattern>*ฟังเพลง*</pattern><template><srai>ฟังเพลง</srai></template></category>

    
    <category>
        <pattern>สัส</pattern>
            <template>
                <random>
                    <li>หยาบคายอ่ะ</li>
                    <li>ไม่น่ารักเลยนะ</li>
                    <li>พูดแบบนี้เค้าไม่รักแล้วนะ</li>
                </random>
            </template>
        </category>
    <category><pattern>สัส*</pattern><template><srai>สัส</srai></template></category>
    <category><pattern>*สัส</pattern><template><srai>สัส</srai></template></category> 
    <category><pattern>*สัส*</pattern><template><srai>สัส</srai></template></category>
    
    <category>
        <pattern>ไอควายยย ยย ย ยยยย</pattern>
            <template>
                <random>
                    <li>ลั่นเหรอจ๊ะ Glody</li>
                    <li>Goldy ใจเย็นเน้อเจ้า</li>
                    <li>เบาได้เบาเน้อ Goldy</li>
                </random>
            </template>
        </category>
    <category><pattern>ไอควายยย ยย ย ยยยย*</pattern><template><srai>ไอควายยย ยย ย ยยยย</srai></template></category>
    <category><pattern>*ไอควายยย ยย ย ยยยย</pattern><template><srai>ไอควายยย ยย ย ยยยย</srai></template></category> 
    <category><pattern>*ไอควายยย ยย ย ยยยย*</pattern><template><srai>ไอควายยย ยย ย ยยยย</srai></template></category>

    
    <category>
        <pattern>อัต</pattern>
            <template>
                <random>
                    <li>พี่อัตแมว 9 ชีวิต</li>
                    <li>คุณอัต unique</li>
                    <li>คุณอัตแฟร์ 50</li>
                </random>
            </template>
        </category>
    <category><pattern>อัต*</pattern><template><srai>อัต</srai></template></category>
    <category><pattern>*อัต</pattern><template><srai>อัต</srai></template></category> 
    <category><pattern>*อัต*</pattern><template><srai>อัต</srai></template></category>



    <category>
        <pattern>ดันกระจกชั้น1</pattern>
        <template>Junqko Guide ชั้น 1 ค่ะ https://www.youtube.com/watch?v=9u4Y02CtzdI </template>
    </category>
    <category>
        <pattern>ดันกระจกชั้น2</pattern>
        <template>Junqko Guide ชั้น 2 ค่ะ https://www.youtube.com/watch?v=sQEEHXZLcaw </template>
    </category>
    <category>
        <pattern>ดันกระจกชั้น3</pattern>
        <template>Junqko Guide ชั้น 3 ค่ะ https://www.youtube.com/watch?v=sQEEHXZLcaw </template>
    </category>

    category>
        <pattern>ดันกระจก</pattern>
        <template>Junqko Guide ชั้น 1 ค่ะ https://www.youtube.com/watch?v=9u4Y02CtzdI </template>
        <template>Junqko Guide ชั้น 2 ค่ะ https://www.youtube.com/watch?v=sQEEHXZLcaw </template>
        <template>Junqko Guide ชั้น 1 ค่ะ https://www.youtube.com/watch?v=9u4Y02CtzdI </template>
    </category>
   
      
</aiml>