<?xml version = "1.0" encoding = "UTF-8"?>
<aiml>

    <category>
        <pattern>ใครนั้น</pattern>
        <template><bot name='name'/></template>
    </category>

     <category>
        <pattern>ดีจ้า</pattern>
        <template>สวัสดีเจ้า </template>
    </category>

   <category>
        <pattern>ไป ไป ไป ไป</pattern>
            <template>
                <random>
                    <li>ไปไหนกันเหรอออออ รอเค้าด้วยนะ</li>
                    <li>ไปอีกแระ</li>
                    <li>เค้าไม่ไปด้วยแล้วนะ</li>
                </random>
            </template>
    </category> 

    <category>
        <pattern>VB</pattern>
            <template>
                <random>
                    <li>vba</li>
                    <li>vbb</li>
                    <li>vbc</li>
                </random>
            </template>
        </category>
    
    <category>
        <pattern>อิ</pattern>
            <template>
                <random>
                    <li>อย่าดุเค้าน๊าาาาา</li>
                    <li>ก๊ะวืบ ก๊ะวืบ</li>
                    <li>เย อี เย อิ เย เหมือนว่าฉันนั้นเคว้งคว้างลอยไปกับเสียงเพลง ยังคงบรรเลง ไม่มีวันเลือนลาง</li>
                </random>
            </template>
        </category>


    <category>
        <pattern>ฟังเพลง</pattern>
            <template>
                <random>
                    <li>Anata ga Ite Kureta Kara</li>
                    <li>Chain of love</li>
                    <li>มะลิ</li>
                </random>
            </template>
        </category>
    <category><pattern>ฟังเพลง*</pattern><template><srai>ฟังเพลง</srai></template></category>
    <category><pattern>*ฟังเพลง</pattern><template><srai>ฟังเพลง</srai></template></category> 
    <category><pattern>*ฟังเพลง*</pattern><template><srai>ฟังเพลง</srai></template></category>

    
    <category>
        <pattern>สัส</pattern>
            <template>
                <random>
                    <li>หยาบคายอ่ะ</li>
                    <li>ไม่น่ารักเลยนะ</li>
                    <li>พูดแบบนี้เค้าไม่รักแล้วนะ</li>
                </random>
            </template>
        </category>
    <category><pattern>สัส*</pattern><template><srai>สัส</srai></template></category>
    <category><pattern>*สัส</pattern><template><srai>สัส</srai></template></category> 
    <category><pattern>*สัส*</pattern><template><srai>สัส</srai></template></category>
    
    
    <category>
        <pattern>อัต</pattern>
            <template>
                <random>
                    <li>พี่อัตแมว 9 ชีวิต</li>
                    <li>คุณอัต unique</li>
                    <li>คุณอัตแฟร์ 50</li>
                </random>
            </template>
        </category>
    <category><pattern>อัต*</pattern><template><srai>อัต</srai></template></category>
    <category><pattern>*อัต</pattern><template><srai>อัต</srai></template></category> 
    <category><pattern>*อัต*</pattern><template><srai>อัต</srai></template></category>

   
      
</aiml>