<?xml version = "1.0" encoding = "ISO-8859-1"?>
<aiml>

    <category>
        <pattern>ใครนั้น</pattern>
        <template><bot name='name'/></template>
    </category>

     <category>
        <pattern>ดีจ้า</pattern>
        <template>สวัสดีเจ้า </template>
    </category>

   <category>
        <pattern>ไป ไป ไป ไป</pattern>
            <template>
                <random>
                    <li>ไปไหนกันเหรอออออ รอเค้าด้วยนะ</li>
                    <li>ไปอีกแระ</li>
                    <li>เค้าไม่ไปด้วยแล้วนะ</li>
                </random>
            </template>
    </category> 

    <category>
        <pattern>VB</pattern>
            <template>
                <random>
                    <li>vba</li>
                    <li>vbb</li>
                    <li>vbc</li>
                </random>
            </template>
        </category>
    
    <category>
        <pattern>ฟังเพลง</pattern>
            <template>
                <random>
                    <li>Anata ga Ite Kureta Kara</li>
                    <li>Melon Juice</li>
                    <li>มะลิ</li>
                </random>
            </template>
        </category>

   

    <category><pattern>_ ฟังเพลง</pattern><template><srai>ฟังเพลง</srai></template></category>
    <category><pattern>_ ฟังเพลง</pattern><template><srai>ฟังเพลง</srai></template></category>
    <category><pattern>ฟังเพลง *</pattern><template><srai>ฟังเพลง</srai></template></category>
    <category><pattern>_ ฟังเพลง *</pattern><template><srai>ฟังเพลง</srai></template></category>



      
</aiml>