<?xml version = "1.0" encoding = "UTF-8"?>
<aiml>

    <category>
        <pattern>ใครนั้น</pattern>
        <template><bot name='name'/></template>
    </category>

    <category>
        <pattern>VB</pattern>
            <template>
                <random>
                    <li>vba</li>
                    <li>vbb</li>
                    <li>vbc</li>
                </random>
            </template>
        </category>
    
    <category><pattern>ฟังเพลง</pattern><template><random><li>Anata ga Ite Kureta Kara</li><li>Melon Juice</li></random></template></category>
    <category><pattern>_ ฟังเพลง</pattern><template><srai>ฟังเพลง</srai></template></category>
    <category><pattern>_ ฟังเพลง</pattern><template><srai>ฟังเพลง</srai></template></category>
    <category><pattern>ฟังเพลง *</pattern><template><srai>ฟังเพลง</srai></template></category>
    <category><pattern>_ ฟังเพลง *</pattern><template><srai>ฟังเพลง</srai></template></category>

       <category>
      <pattern>SCHOOL</pattern>
      <template>School is an important institution in a child's life.</template>
   </category>  
   
   <category>
      <pattern>_ SCHOOL</pattern>
      <template>
         <srai>SCHOOL</srai>
      </template>
   </category>
   
   <category>
      <pattern>_ SCHOOL</pattern>
      <template>
         <srai>SCHOOL</srai>
      </template>
   </category>
   
   <category>
      <pattern>SCHOOL *</pattern>
      <template>
         <srai>SCHOOL</srai>
      </template>
   </category>
   
   <category>
      <pattern>_ SCHOOL *</pattern>
      <template>
         <srai>SCHOOL</srai>
      </template>
   </category>
    

</aiml>