<?xml version="1.0" encoding="ISO-8859-1"?>
<aiml>

    <category><pattern>ใครน่ะ</pattern><template><bot name='name'/></template></category>
    
    <category><pattern>*</pattern><template>เค้าไม่รู้</template></category>

</aiml>