<?xml version = "1.0" encoding = "UTF-8"?>
<aiml version = "1.0.1" encoding = "UTF-8"?>

    <category>
        <pattern>ใครนั้น</pattern>
        <template><bot name='name'/></template>
    </category>

    <category>
        <pattern>VB</pattern>
            <template>
                <random>
                    <li>vba</li>
                    <li>vbb</li>
                    <li>vbc</li>
                </random>
            </template>
        </category>
    
    <category>
        <pattern>ฟังเพลง</pattern>
            <template>
                <random>
                    <li>Anata ga Ite Kureta Kara</li>
                    <li>Melon Juice</li>
                    <li>มะลิ</li>
                </random>
            </template>
        </category>


    <category>
      <pattern>I am *</pattern>
        <template>
            Hello <set name = "username"> <star/>! </set>
        </template>  
   </category>  
   
   <category>
      <pattern>Good Night</pattern>
      <template>
         Hi <get name = "username"/> Thanks for the conversation!
      </template>  
   </category>  


    <category><pattern>_ ฟังเพลง</pattern><template><srai>ฟังเพลง</srai></template></category>
    <category><pattern>_ ฟังเพลง</pattern><template><srai>ฟังเพลง</srai></template></category>
    <category><pattern>ฟังเพลง *</pattern><template><srai>ฟังเพลง</srai></template></category>
    <category><pattern>_ ฟังเพลง *</pattern><template><srai>ฟังเพลง</srai></template></category>

      
</aiml>